<?xml version="1.0" encoding="UTF-8"?>
<testsuite xmlns:xsi="http://www.w3.org/2001/XMLSchema-instance" xsi:noNamespaceSchemaLocation="https://maven.apache.org/surefire/maven-surefire-plugin/xsd/surefire-test-report.xsd" version="3.0.2" name="com.proyectogrado.app.ProyectoGradoApplicationTests" time="9.836" tests="1" errors="0" skipped="0" failures="0">
  <properties>
[...]
</properties>
  <testcase name="contextLoads" classname="com.proyectogrado.app.ProyectoGradoApplicationTests" time="1.745">
    <system-out><![CDATA[20:01:32.240 [main] INFO org.springframework.test.context.support.AnnotationConfigContextLoaderUtils -- Could not detect default configuration classes for test class [com.proyectogrado.app.ProyectoGradoApplicationTests]: ProyectoGradoApplicationTests does not declare any static, non-private, non-final, nested classes annotated with @Configuration.
20:01:32.506 [main] INFO org.springframework.boot.test.context.SpringBootTestContextBootstrapper -- Found @SpringBootConfiguration com.proyectogrado.app.ProyectoGradoApplication for test class com.proyectogrado.app.ProyectoGradoApplicationTests
20:01:32.897 [main] INFO org.springframework.boot.devtools.restart.RestartApplicationListener -- Restart disabled due to context in which it is running

  .   ____          _            __ _ _
 /\\ / ___'_ __ _ _(_)_ __  __ _ \ \ \ \
( ( )\___ | '_ | '_| | '_ \/ _` | \ \ \ \
 \\/  ___)| |_)| | | | | || (_| |  ) ) ) )
  '  |____| .__|_| |_|_| |_\__, | / / / /
 =========|_|==============|___/=/_/_/_/

 :: Spring Boot ::                (v3.4.4)

2025-05-16T20:01:33.439-05:00  INFO 8696 --- [Concesionario] [           main] c.p.app.ProyectoGradoApplicationTests    : Starting ProyectoGradoApplicationTests using Java 21.0.4 with PID 8696 (started by fabian in C:\Users\fabian\Documents\workspace-spring-tool-suite-4-4.26.0.RELEASE\ProyectoBrayan)
2025-05-16T20:01:33.442-05:00  INFO 8696 --- [Concesionario] [           main] c.p.app.ProyectoGradoApplicationTests    : No active profile set, falling back to 1 default profile: "default"
2025-05-16T20:01:35.060-05:00  INFO 8696 --- [Concesionario] [           main] .s.d.r.c.RepositoryConfigurationDelegate : Bootstrapping Spring Data MongoDB repositories in DEFAULT mode.
2025-05-16T20:01:35.207-05:00  INFO 8696 --- [Concesionario] [           main] .s.d.r.c.RepositoryConfigurationDelegate : Finished Spring Data repository scanning in 127 ms. Found 7 MongoDB repository interfaces.
2025-05-16T20:01:36.479-05:00  INFO 8696 --- [Concesionario] [           main] org.mongodb.driver.client                : MongoClient with metadata {"driver": {"name": "mongo-java-driver|sync|spring-boot", "version": "5.2.1"}, "os": {"type": "Windows", "name": "Windows 11", "architecture": "amd64", "version": "10.0"}, "platform": "Java/Eclipse Adoptium/21.0.4+7-LTS"} created with settings MongoClientSettings{readPreference=primary, writeConcern=WriteConcern{w=majority, wTimeout=null ms, journal=null}, retryWrites=true, retryReads=true, readConcern=ReadConcern{level=null}, credential=MongoCredential{mechanism=null, userName='brayan', source='admin', password=<hidden>, mechanismProperties=<hidden>}, transportSettings=null, commandListeners=[], codecRegistry=ProvidersCodecRegistry{codecProviders=[ValueCodecProvider{}, BsonValueCodecProvider{}, DBRefCodecProvider{}, DBObjectCodecProvider{}, DocumentCodecProvider{}, CollectionCodecProvider{}, IterableCodecProvider{}, MapCodecProvider{}, GeoJsonCodecProvider{}, GridFSFileCodecProvider{}, Jsr310CodecProvider{}, JsonObjectCodecProvider{}, BsonCodecProvider{}, EnumCodecProvider{}, com.mongodb.client.model.mql.ExpressionCodecProvider@443a53df, com.mongodb.Jep395RecordCodecProvider@6c33da7a, com.mongodb.KotlinCodecProvider@69aabcb0]}, loggerSettings=LoggerSettings{maxDocumentLength=1000}, clusterSettings={hosts=[127.0.0.1:27017], srvHost=brayananaya.ua1hv.mongodb.net, srvServiceName=mongodb, mode=MULTIPLE, requiredClusterType=REPLICA_SET, requiredReplicaSetName='atlas-bxy03u-shard-0', serverSelector='null', clusterListeners='[]', serverSelectionTimeout='30000 ms', localThreshold='15 ms'}, socketSettings=SocketSettings{connectTimeoutMS=10000, readTimeoutMS=0, receiveBufferSize=0, proxySettings=ProxySettings{host=null, port=null, username=null, password=null}}, heartbeatSocketSettings=SocketSettings{connectTimeoutMS=10000, readTimeoutMS=10000, receiveBufferSize=0, proxySettings=ProxySettings{host=null, port=null, username=null, password=null}}, connectionPoolSettings=ConnectionPoolSettings{maxSize=100, minSize=0, maxWaitTimeMS=120000, maxConnectionLifeTimeMS=0, maxConnectionIdleTimeMS=0, maintenanceInitialDelayMS=0, maintenanceFrequencyMS=60000, connectionPoolListeners=[], maxConnecting=2}, serverSettings=ServerSettings{heartbeatFrequencyMS=10000, minHeartbeatFrequencyMS=500, serverMonitoringMode=AUTO, serverListeners='[]', serverMonitorListeners='[]'}, sslSettings=SslSettings{enabled=true, invalidHostNameAllowed=false, context=null}, applicationName='null', compressorList=[], uuidRepresentation=JAVA_LEGACY, serverApi=null, autoEncryptionSettings=null, dnsClient=null, inetAddressResolver=null, contextProvider=null, timeoutMS=null}
2025-05-16T20:01:36.729-05:00  INFO 8696 --- [Concesionario] [1hv.mongodb.net] org.mongodb.driver.cluster               : Adding discovered server brayananaya-shard-00-00.ua1hv.mongodb.net:27017 to client view of cluster
2025-05-16T20:01:36.835-05:00  INFO 8696 --- [Concesionario] [1hv.mongodb.net] org.mongodb.driver.cluster               : Adding discovered server brayananaya-shard-00-02.ua1hv.mongodb.net:27017 to client view of cluster
2025-05-16T20:01:36.841-05:00  INFO 8696 --- [Concesionario] [1hv.mongodb.net] org.mongodb.driver.cluster               : Adding discovered server brayananaya-shard-00-01.ua1hv.mongodb.net:27017 to client view of cluster
2025-05-16T20:01:37.980-05:00  INFO 8696 --- [Concesionario] [           main] o.s.b.a.w.s.WelcomePageHandlerMapping    : Adding welcome page template: index
2025-05-16T20:01:38.269-05:00  INFO 8696 --- [Concesionario] [ngodb.net:27017] org.mongodb.driver.cluster               : Monitor thread successfully connected to server with description ServerDescription{address=brayananaya-shard-00-01.ua1hv.mongodb.net:27017, type=REPLICA_SET_SECONDARY, cryptd=false, state=CONNECTED, ok=true, minWireVersion=0, maxWireVersion=25, maxDocumentSize=16777216, logicalSessionTimeoutMinutes=30, roundTripTimeNanos=491469900, minRoundTripTimeNanos=0, setName='atlas-bxy03u-shard-0', canonicalAddress=brayananaya-shard-00-01.ua1hv.mongodb.net:27017, hosts=[brayananaya-shard-00-00.ua1hv.mongodb.net:27017, brayananaya-shard-00-01.ua1hv.mongodb.net:27017, brayananaya-shard-00-02.ua1hv.mongodb.net:27017], passives=[], arbiters=[], primary='brayananaya-shard-00-02.ua1hv.mongodb.net:27017', tagSet=TagSet{[Tag{name='availabilityZone', value='use1-az6'}, Tag{name='diskState', value='READY'}, Tag{name='nodeType', value='ELECTABLE'}, Tag{name='provider', value='AWS'}, Tag{name='region', value='US_EAST_1'}, Tag{name='workloadType', value='OPERATIONAL'}]}, electionId=null, setVersion=265, topologyVersion=TopologyVersion{processId=6819221eacd136affafe41d1, counter=3}, lastWriteDate=Fri May 16 20:01:40 COT 2025, lastUpdateTimeNanos=9057365484000}
2025-05-16T20:01:38.270-05:00  INFO 8696 --- [Concesionario] [ngodb.net:27017] org.mongodb.driver.cluster               : Monitor thread successfully connected to server with description ServerDescription{address=brayananaya-shard-00-02.ua1hv.mongodb.net:27017, type=REPLICA_SET_PRIMARY, cryptd=false, state=CONNECTED, ok=true, minWireVersion=0, maxWireVersion=25, maxDocumentSize=16777216, logicalSessionTimeoutMinutes=30, roundTripTimeNanos=645814400, minRoundTripTimeNanos=0, setName='atlas-bxy03u-shard-0', canonicalAddress=brayananaya-shard-00-02.ua1hv.mongodb.net:27017, hosts=[brayananaya-shard-00-00.ua1hv.mongodb.net:27017, brayananaya-shard-00-01.ua1hv.mongodb.net:27017, brayananaya-shard-00-02.ua1hv.mongodb.net:27017], passives=[], arbiters=[], primary='brayananaya-shard-00-02.ua1hv.mongodb.net:27017', tagSet=TagSet{[Tag{name='availabilityZone', value='use1-az1'}, Tag{name='diskState', value='READY'}, Tag{name='nodeType', value='ELECTABLE'}, Tag{name='provider', value='AWS'}, Tag{name='region', value='US_EAST_1'}, Tag{name='workloadType', value='OPERATIONAL'}]}, electionId=7fffffff000000000000020b, setVersion=265, topologyVersion=TopologyVersion{processId=68191f5fec14bfda8e1b368d, counter=6}, lastWriteDate=Fri May 16 20:01:40 COT 2025, lastUpdateTimeNanos=9057365484100}
2025-05-16T20:01:38.277-05:00  INFO 8696 --- [Concesionario] [ngodb.net:27017] org.mongodb.driver.cluster               : Discovered replica set primary brayananaya-shard-00-02.ua1hv.mongodb.net:27017 with max election id 7fffffff000000000000020b and max set version 265
2025-05-16T20:01:38.895-05:00  INFO 8696 --- [Concesionario] [           main] c.p.app.ProyectoGradoApplicationTests    : Started ProyectoGradoApplicationTests in 6.023 seconds (process running for 8.214)
2025-05-16T20:01:38.948-05:00  INFO 8696 --- [Concesionario] [ngodb.net:27017] org.mongodb.driver.cluster               : Monitor thread successfully connected to server with description ServerDescription{address=brayananaya-shard-00-00.ua1hv.mongodb.net:27017, type=REPLICA_SET_SECONDARY, cryptd=false, state=CONNECTED, ok=true, minWireVersion=0, maxWireVersion=25, maxDocumentSize=16777216, logicalSessionTimeoutMinutes=30, roundTripTimeNanos=320057300, minRoundTripTimeNanos=0, setName='atlas-bxy03u-shard-0', canonicalAddress=brayananaya-shard-00-00.ua1hv.mongodb.net:27017, hosts=[brayananaya-shard-00-00.ua1hv.mongodb.net:27017, brayananaya-shard-00-01.ua1hv.mongodb.net:27017, brayananaya-shard-00-02.ua1hv.mongodb.net:27017], passives=[], arbiters=[], primary='brayananaya-shard-00-02.ua1hv.mongodb.net:27017', tagSet=TagSet{[Tag{name='availabilityZone', value='use1-az4'}, Tag{name='diskState', value='READY'}, Tag{name='nodeType', value='ELECTABLE'}, Tag{name='provider', value='AWS'}, Tag{name='region', value='US_EAST_1'}, Tag{name='workloadType', value='OPERATIONAL'}]}, electionId=null, setVersion=265, topologyVersion=TopologyVersion{processId=68191c4aa4e29f1f54276e25, counter=5}, lastWriteDate=Fri May 16 20:01:41 COT 2025, lastUpdateTimeNanos=9058049944300}
El administrador ya existe.
]]></system-out>
    <system-err><![CDATA[Mockito is currently self-attaching to enable the inline-mock-maker. This will no longer work in future releases of the JDK. Please add Mockito as an agent to your build what is described in Mockito's documentation: https://javadoc.io/doc/org.mockito/mockito-core/latest/org/mockito/Mockito.html#0.3
WARNING: A Java agent has been loaded dynamically (C:\Users\fabian\.m2\repository\net\bytebuddy\byte-buddy-agent\1.15.11\byte-buddy-agent-1.15.11.jar)
WARNING: If a serviceability tool is in use, please run with -XX:+EnableDynamicAgentLoading to hide this warning
WARNING: If a serviceability tool is not in use, please run with -Djdk.instrument.traceUsage for more information
WARNING: Dynamic loading of agents will be disallowed by default in a future release
]]></system-err>
  </testcase>
</testsuite>